This file contains any messages produced by compilers while
running configure, to aid debugging if configure makes a mistake.

It was created by libcrossmx configure 1.0, which was
generated by GNU Autoconf 2.69.  Invocation command line was

  $ ./configure platform=generic --prefix=/opt/local

## --------- ##
## Platform. ##
## --------- ##

hostname = LostSideDead
uname -m = x86_64
uname -r = 15.5.0
uname -s = Darwin
uname -v = Darwin Kernel Version 15.5.0: Tue Apr 19 18:36:36 PDT 2016; root:xnu-3248.50.21~8/RELEASE_X86_64

/usr/bin/uname -p = i386
/bin/uname -X     = unknown

/bin/arch              = unknown
/usr/bin/arch -k       = unknown
/usr/convex/getsysinfo = unknown
/usr/bin/hostinfo      = Mach kernel version:
	 Darwin Kernel Version 15.5.0: Tue Apr 19 18:36:36 PDT 2016; root:xnu-3248.50.21~8/RELEASE_X86_64
Kernel configured for up to 8 processors.
4 processors are physically available.
8 processors are logically available.
Processor type: i486 (Intel 80486)
Processors active: 0 1 2 3 4 5 6 7
Primary memory available: 10.00 gigabytes
Default processor set: 273 tasks, 1280 threads, 8 processors
Load average: 2.04, Mach factor: 5.95
/bin/machine           = unknown
/usr/bin/oslevel       = unknown
/bin/universe          = unknown

PATH: /Volumes/LostSideDrive-2/Android/android-ndk-r10e
PATH: /Volumes/LostSideDrive-2/Android/android-ndk-r10e/prebuilt/darwin-x86_64/bin
PATH: /Volumes/LostSideDrive-2/Android/android-sdk-macosx/platform-tools
PATH: /Volumes/LostSideDrive-2/Android/android-sdk-macosx/tools
PATH: /opt/local/bin
PATH: /opt/local/sbin
PATH: /opt/local/bin
PATH: /opt/local/sbin
PATH: /opt/local/bin
PATH: /opt/local/sbin
PATH: /Users/jared/mingw-w64/bin
PATH: /Volumes/LostDrive-6//Users/jared/New.Mingw32/bin
PATH: /usr/local/bin
PATH: /usr/bin
PATH: /bin
PATH: /usr/sbin
PATH: /sbin
PATH: /opt/X11/bin
PATH: /Users/jared/Downloads/adt-bundle-mac-x86_64-20140321/sdk/platform-tools


## ----------- ##
## Core tests. ##
## ----------- ##

configure:2304: checking for a BSD-compatible install
configure:2372: result: /usr/bin/install -c
configure:2383: checking whether build environment is sane
configure:2438: result: yes
configure:2476: WARNING: 'missing' script is too old or missing
configure:2589: checking for a thread-safe mkdir -p
configure:2628: result: ./install-sh -c -d
configure:2635: checking for gawk
configure:2665: result: no
configure:2635: checking for mawk
configure:2665: result: no
configure:2635: checking for nawk
configure:2665: result: no
configure:2635: checking for awk
configure:2651: found /Volumes/LostSideDrive-2/Android/android-ndk-r10e/prebuilt/darwin-x86_64/bin/awk
configure:2662: result: awk
configure:2673: checking whether make sets $(MAKE)
configure:2695: result: yes
configure:2724: checking whether make supports nested variables
configure:2741: result: yes
configure:2929: checking for g++
configure:2945: found /usr/bin/g++
configure:2956: result: g++
configure:2983: checking for C++ compiler version
configure:2992: g++ --version >&5
Apple LLVM version 7.3.0 (clang-703.0.31)
Target: x86_64-apple-darwin15.5.0
Thread model: posix
InstalledDir: /Applications/Xcode.app/Contents/Developer/Toolchains/XcodeDefault.xctoolchain/usr/bin
Configured with: --prefix=/Applications/Xcode.app/Contents/Developer/usr --with-gxx-include-dir=/Applications/Xcode.app/Contents/Developer/Platforms/MacOSX.platform/Developer/SDKs/MacOSX10.11.sdk/usr/include/c++/4.2.1
configure:3003: $? = 0
configure:2992: g++ -v >&5
Configured with: --prefix=/Applications/Xcode.app/Contents/Developer/usr --with-gxx-include-dir=/Applications/Xcode.app/Contents/Developer/Platforms/MacOSX.platform/Developer/SDKs/MacOSX10.11.sdk/usr/include/c++/4.2.1
Apple LLVM version 7.3.0 (clang-703.0.31)
Target: x86_64-apple-darwin15.5.0
Thread model: posix
InstalledDir: /Applications/Xcode.app/Contents/Developer/Toolchains/XcodeDefault.xctoolchain/usr/bin
configure:3003: $? = 0
configure:2992: g++ -V >&5
clang: error: argument to '-V' is missing (expected 1 value)
clang: error: no input files
configure:3003: $? = 1
configure:2992: g++ -qversion >&5
clang: error: unknown argument: '-qversion'
clang: error: no input files
configure:3003: $? = 1
configure:3023: checking whether the C++ compiler works
configure:3045: g++    conftest.cpp  >&5
configure:3049: $? = 0
configure:3097: result: yes
configure:3100: checking for C++ compiler default output file name
configure:3102: result: a.out
configure:3108: checking for suffix of executables
configure:3115: g++ -o conftest    conftest.cpp  >&5
configure:3119: $? = 0
configure:3141: result: 
configure:3163: checking whether we are cross compiling
configure:3171: g++ -o conftest    conftest.cpp  >&5
configure:3175: $? = 0
configure:3182: ./conftest
configure:3186: $? = 0
configure:3201: result: no
configure:3206: checking for suffix of object files
configure:3228: g++ -c   conftest.cpp >&5
configure:3232: $? = 0
configure:3253: result: o
configure:3257: checking whether we are using the GNU C++ compiler
configure:3276: g++ -c   conftest.cpp >&5
configure:3276: $? = 0
configure:3285: result: yes
configure:3294: checking whether g++ accepts -g
configure:3314: g++ -c -g  conftest.cpp >&5
configure:3314: $? = 0
configure:3355: result: yes
configure:3389: checking for style of include used by make
configure:3417: result: GNU
configure:3443: checking dependency style of g++
configure:3554: result: gcc3
configure:3617: checking for gcc
configure:3633: found /usr/bin/gcc
configure:3644: result: gcc
configure:3873: checking for C compiler version
configure:3882: gcc --version >&5
Apple LLVM version 7.3.0 (clang-703.0.31)
Target: x86_64-apple-darwin15.5.0
Thread model: posix
InstalledDir: /Applications/Xcode.app/Contents/Developer/Toolchains/XcodeDefault.xctoolchain/usr/bin
Configured with: --prefix=/Applications/Xcode.app/Contents/Developer/usr --with-gxx-include-dir=/Applications/Xcode.app/Contents/Developer/Platforms/MacOSX.platform/Developer/SDKs/MacOSX10.11.sdk/usr/include/c++/4.2.1
configure:3893: $? = 0
configure:3882: gcc -v >&5
Configured with: --prefix=/Applications/Xcode.app/Contents/Developer/usr --with-gxx-include-dir=/Applications/Xcode.app/Contents/Developer/Platforms/MacOSX.platform/Developer/SDKs/MacOSX10.11.sdk/usr/include/c++/4.2.1
Apple LLVM version 7.3.0 (clang-703.0.31)
Target: x86_64-apple-darwin15.5.0
Thread model: posix
InstalledDir: /Applications/Xcode.app/Contents/Developer/Toolchains/XcodeDefault.xctoolchain/usr/bin
configure:3893: $? = 0
configure:3882: gcc -V >&5
clang: error: argument to '-V' is missing (expected 1 value)
clang: error: no input files
configure:3893: $? = 1
configure:3882: gcc -qversion >&5
clang: error: unknown argument: '-qversion'
clang: error: no input files
configure:3893: $? = 1
configure:3897: checking whether we are using the GNU C compiler
configure:3916: gcc -c   conftest.c >&5
configure:3916: $? = 0
configure:3925: result: yes
configure:3934: checking whether gcc accepts -g
configure:3954: gcc -c -g  conftest.c >&5
configure:3954: $? = 0
configure:3995: result: yes
configure:4012: checking for gcc option to accept ISO C89
configure:4075: gcc  -c -g -O2  conftest.c >&5
configure:4075: $? = 0
configure:4088: result: none needed
configure:4113: checking whether gcc understands -c and -o together
configure:4135: gcc -c conftest.c -o conftest2.o
configure:4138: $? = 0
configure:4135: gcc -c conftest.c -o conftest2.o
configure:4138: $? = 0
configure:4150: result: yes
configure:4169: checking dependency style of gcc
configure:4280: result: gcc3
configure:4331: checking build system type
configure:4345: result: x86_64-apple-darwin15.5.0
configure:4365: checking host system type
configure:4378: result: x86_64-apple-darwin15.5.0
configure:4419: checking how to print strings
configure:4446: result: printf
configure:4467: checking for a sed that does not truncate output
configure:4531: result: /Volumes/LostSideDrive-2/Android/android-ndk-r10e/prebuilt/darwin-x86_64/bin/sed
configure:4549: checking for grep that handles long lines and -e
configure:4607: result: /usr/bin/grep
configure:4612: checking for egrep
configure:4674: result: /usr/bin/grep -E
configure:4679: checking for fgrep
configure:4741: result: /usr/bin/grep -F
configure:4776: checking for ld used by gcc
configure:4843: result: /Applications/Xcode.app/Contents/Developer/Toolchains/XcodeDefault.xctoolchain/usr/bin/ld
configure:4850: checking if the linker (/Applications/Xcode.app/Contents/Developer/Toolchains/XcodeDefault.xctoolchain/usr/bin/ld) is GNU ld
configure:4865: result: no
configure:4877: checking for BSD- or MS-compatible name lister (nm)
configure:4926: result: /usr/bin/nm -B
configure:5056: checking the name lister (/usr/bin/nm -B) interface
configure:5063: g++ -c -g -O2  conftest.cpp >&5
configure:5066: /usr/bin/nm -B "conftest.o"
configure:5069: output
00000000000001f8 S _some_variable
configure:5076: result: BSD nm
configure:5079: checking whether ln -s works
configure:5083: result: yes
configure:5091: checking the maximum length of command line arguments
configure:5221: result: 196608
configure:5238: checking whether the shell understands some XSI constructs
configure:5248: result: yes
configure:5252: checking whether the shell understands "+="
configure:5258: result: yes
configure:5293: checking how to convert x86_64-apple-darwin15.5.0 file names to x86_64-apple-darwin15.5.0 format
configure:5333: result: func_convert_file_noop
configure:5340: checking how to convert x86_64-apple-darwin15.5.0 file names to toolchain format
configure:5360: result: func_convert_file_noop
configure:5367: checking for /Applications/Xcode.app/Contents/Developer/Toolchains/XcodeDefault.xctoolchain/usr/bin/ld option to reload object files
configure:5374: result: -r
configure:5448: checking for objdump
configure:5478: result: no
configure:5507: checking how to recognize dependent libraries
configure:5709: result: pass_all
configure:5794: checking for dlltool
configure:5824: result: no
configure:5854: checking how to associate runtime and link libraries
configure:5881: result: printf %s\n
configure:5942: checking for ar
configure:5958: found /opt/local/bin/ar
configure:5969: result: ar
configure:6006: checking for archiver @FILE support
configure:6023: g++ -c -g -O2  conftest.cpp >&5
configure:6023: $? = 0
configure:6026: ar cru libconftest.a @conftest.lst >&5
ar: @conftest.lst: No such file or directory
configure:6029: $? = 1
configure:6049: result: no
configure:6107: checking for strip
configure:6123: found /opt/local/bin/strip
configure:6134: result: strip
configure:6206: checking for ranlib
configure:6222: found /opt/local/bin/ranlib
configure:6233: result: ranlib
configure:6335: checking command to parse /usr/bin/nm -B output from gcc object
configure:6455: g++ -c -g -O2  conftest.cpp >&5
configure:6458: $? = 0
configure:6462: /usr/bin/nm -B conftest.o \| sed -n -e 's/^.*[ ]\([BCDEGRST][BCDEGRST]*\)[ ][ ]*\([_A-Za-z][_A-Za-z0-9]*\)$/\1 \2 \2/p' | sed '/ __gnu_lto/d' \> conftest.nm
configure:6465: $? = 0
cannot find nm_test_var in conftest.nm
configure:6455: g++ -c -g -O2  conftest.cpp >&5
configure:6458: $? = 0
configure:6462: /usr/bin/nm -B conftest.o \| sed -n -e 's/^.*[ ]\([BCDEGRST][BCDEGRST]*\)[ ][ ]*_\([_A-Za-z][_A-Za-z0-9]*\)$/\1 _\2 \2/p' | sed '/ __gnu_lto/d' \> conftest.nm
configure:6465: $? = 0
configure:6531: g++ -o conftest -g -O2   conftest.cpp conftstm.o >&5
configure:6534: $? = 0
configure:6572: result: ok
configure:6609: checking for sysroot
configure:6639: result: no
configure:6896: checking for mt
configure:6926: result: no
configure:6946: checking if : is a manifest tool
configure:6952: : '-?'
configure:6960: result: no
configure:7016: checking for dsymutil
configure:7032: found /usr/bin/dsymutil
configure:7043: result: dsymutil
configure:7108: checking for nmedit
configure:7124: found /opt/local/bin/nmedit
configure:7135: result: nmedit
configure:7200: checking for lipo
configure:7216: found /opt/local/bin/lipo
configure:7227: result: lipo
configure:7292: checking for otool
configure:7308: found /opt/local/bin/otool
configure:7319: result: otool
configure:7384: checking for otool64
configure:7414: result: no
configure:7459: checking for -single_module linker flag
gcc -g -O2  -o libconftest.dylib -dynamiclib -Wl,-single_module conftest.c
configure:7492: result: yes
configure:7495: checking for -exported_symbols_list linker flag
configure:7515: g++ -o conftest -g -O2   -Wl,-exported_symbols_list,conftest.sym conftest.cpp  >&5
configure:7515: $? = 0
configure:7525: result: yes
configure:7528: checking for -force_load linker flag
gcc -g -O2 -c -o conftest.o conftest.c
ar cru libconftest.a conftest.o
ranlib libconftest.a
gcc -g -O2  -o conftest conftest.c -Wl,-force_load,./libconftest.a
configure:7560: result: yes
configure:7602: checking how to run the C preprocessor
configure:7633: gcc -E  conftest.c
configure:7633: $? = 0
configure:7647: gcc -E  conftest.c
conftest.c:11:10: fatal error: 'ac_nonexistent.h' file not found
#include <ac_nonexistent.h>
         ^
1 error generated.
configure:7647: $? = 1
configure: failed program was:
| /* confdefs.h */
| #define PACKAGE_NAME "libcrossmx"
| #define PACKAGE_TARNAME "libcrossmx"
| #define PACKAGE_VERSION "1.0"
| #define PACKAGE_STRING "libcrossmx 1.0"
| #define PACKAGE_BUGREPORT "jared@lostsidedead.biz"
| #define PACKAGE_URL ""
| #define PACKAGE "libcrossmx"
| #define VERSION "1.0"
| /* end confdefs.h.  */
| #include <ac_nonexistent.h>
configure:7672: result: gcc -E
configure:7692: gcc -E  conftest.c
configure:7692: $? = 0
configure:7706: gcc -E  conftest.c
conftest.c:11:10: fatal error: 'ac_nonexistent.h' file not found
#include <ac_nonexistent.h>
         ^
1 error generated.
configure:7706: $? = 1
configure: failed program was:
| /* confdefs.h */
| #define PACKAGE_NAME "libcrossmx"
| #define PACKAGE_TARNAME "libcrossmx"
| #define PACKAGE_VERSION "1.0"
| #define PACKAGE_STRING "libcrossmx 1.0"
| #define PACKAGE_BUGREPORT "jared@lostsidedead.biz"
| #define PACKAGE_URL ""
| #define PACKAGE "libcrossmx"
| #define VERSION "1.0"
| /* end confdefs.h.  */
| #include <ac_nonexistent.h>
configure:7735: checking for ANSI C header files
configure:7755: gcc -c -g -O2  conftest.c >&5
configure:7755: $? = 0
configure:7828: gcc -o conftest -g -O2   conftest.c  >&5
configure:7828: $? = 0
configure:7828: ./conftest
configure:7828: $? = 0
configure:7839: result: yes
configure:7852: checking for sys/types.h
configure:7852: gcc -c -g -O2  conftest.c >&5
configure:7852: $? = 0
configure:7852: result: yes
configure:7852: checking for sys/stat.h
configure:7852: gcc -c -g -O2  conftest.c >&5
configure:7852: $? = 0
configure:7852: result: yes
configure:7852: checking for stdlib.h
configure:7852: gcc -c -g -O2  conftest.c >&5
configure:7852: $? = 0
configure:7852: result: yes
configure:7852: checking for string.h
configure:7852: gcc -c -g -O2  conftest.c >&5
configure:7852: $? = 0
configure:7852: result: yes
configure:7852: checking for memory.h
configure:7852: gcc -c -g -O2  conftest.c >&5
configure:7852: $? = 0
configure:7852: result: yes
configure:7852: checking for strings.h
configure:7852: gcc -c -g -O2  conftest.c >&5
configure:7852: $? = 0
configure:7852: result: yes
configure:7852: checking for inttypes.h
configure:7852: gcc -c -g -O2  conftest.c >&5
configure:7852: $? = 0
configure:7852: result: yes
configure:7852: checking for stdint.h
configure:7852: gcc -c -g -O2  conftest.c >&5
configure:7852: $? = 0
configure:7852: result: yes
configure:7852: checking for unistd.h
configure:7852: gcc -c -g -O2  conftest.c >&5
configure:7852: $? = 0
configure:7852: result: yes
configure:7866: checking for dlfcn.h
configure:7866: gcc -c -g -O2  conftest.c >&5
configure:7866: $? = 0
configure:7866: result: yes
configure:8082: checking for objdir
configure:8097: result: .libs
configure:8364: checking if gcc supports -fno-rtti -fno-exceptions
configure:8382: gcc -c -g -O2  -fno-rtti -fno-exceptions conftest.c >&5
configure:8386: $? = 0
configure:8399: result: yes
configure:8726: checking for gcc option to produce PIC
configure:8733: result: -fno-common -DPIC
configure:8741: checking if gcc PIC flag -fno-common -DPIC works
configure:8759: gcc -c -g -O2  -fno-common -DPIC -DPIC conftest.c >&5
configure:8763: $? = 0
configure:8776: result: yes
configure:8805: checking if gcc static flag -static works
configure:8833: result: no
configure:8848: checking if gcc supports -c -o file.o
configure:8869: gcc -c -g -O2  -o out/conftest2.o conftest.c >&5
configure:8873: $? = 0
configure:8895: result: yes
configure:8903: checking if gcc supports -c -o file.o
configure:8950: result: yes
configure:8983: checking whether the gcc linker (/Applications/Xcode.app/Contents/Developer/Toolchains/XcodeDefault.xctoolchain/usr/bin/ld) supports shared libraries
configure:10136: result: yes
configure:10376: checking dynamic linker characteristics
configure:11109: result: darwin15.5.0 dyld
configure:11216: checking how to hardcode library paths into programs
configure:11241: result: immediate
configure:11781: checking whether stripping libraries is possible
configure:11795: result: yes
configure:11821: checking if libtool supports shared libraries
configure:11823: result: yes
configure:11826: checking whether to build shared libraries
configure:11847: result: yes
configure:11850: checking whether to build static libraries
configure:11854: result: yes
configure:11877: checking how to run the C++ preprocessor
configure:11904: g++ -E  conftest.cpp
configure:11904: $? = 0
configure:11918: g++ -E  conftest.cpp
conftest.cpp:23:10: fatal error: 'ac_nonexistent.h' file not found
#include <ac_nonexistent.h>
         ^
1 error generated.
configure:11918: $? = 1
configure: failed program was:
| /* confdefs.h */
| #define PACKAGE_NAME "libcrossmx"
| #define PACKAGE_TARNAME "libcrossmx"
| #define PACKAGE_VERSION "1.0"
| #define PACKAGE_STRING "libcrossmx 1.0"
| #define PACKAGE_BUGREPORT "jared@lostsidedead.biz"
| #define PACKAGE_URL ""
| #define PACKAGE "libcrossmx"
| #define VERSION "1.0"
| #define STDC_HEADERS 1
| #define HAVE_SYS_TYPES_H 1
| #define HAVE_SYS_STAT_H 1
| #define HAVE_STDLIB_H 1
| #define HAVE_STRING_H 1
| #define HAVE_MEMORY_H 1
| #define HAVE_STRINGS_H 1
| #define HAVE_INTTYPES_H 1
| #define HAVE_STDINT_H 1
| #define HAVE_UNISTD_H 1
| #define HAVE_DLFCN_H 1
| #define LT_OBJDIR ".libs/"
| /* end confdefs.h.  */
| #include <ac_nonexistent.h>
configure:11943: result: g++ -E
configure:11963: g++ -E  conftest.cpp
configure:11963: $? = 0
configure:11977: g++ -E  conftest.cpp
conftest.cpp:23:10: fatal error: 'ac_nonexistent.h' file not found
#include <ac_nonexistent.h>
         ^
1 error generated.
configure:11977: $? = 1
configure: failed program was:
| /* confdefs.h */
| #define PACKAGE_NAME "libcrossmx"
| #define PACKAGE_TARNAME "libcrossmx"
| #define PACKAGE_VERSION "1.0"
| #define PACKAGE_STRING "libcrossmx 1.0"
| #define PACKAGE_BUGREPORT "jared@lostsidedead.biz"
| #define PACKAGE_URL ""
| #define PACKAGE "libcrossmx"
| #define VERSION "1.0"
| #define STDC_HEADERS 1
| #define HAVE_SYS_TYPES_H 1
| #define HAVE_SYS_STAT_H 1
| #define HAVE_STDLIB_H 1
| #define HAVE_STRING_H 1
| #define HAVE_MEMORY_H 1
| #define HAVE_STRINGS_H 1
| #define HAVE_INTTYPES_H 1
| #define HAVE_STDINT_H 1
| #define HAVE_UNISTD_H 1
| #define HAVE_DLFCN_H 1
| #define LT_OBJDIR ".libs/"
| /* end confdefs.h.  */
| #include <ac_nonexistent.h>
configure:12146: checking for ld used by g++
configure:12213: result: /Applications/Xcode.app/Contents/Developer/Toolchains/XcodeDefault.xctoolchain/usr/bin/ld
configure:12220: checking if the linker (/Applications/Xcode.app/Contents/Developer/Toolchains/XcodeDefault.xctoolchain/usr/bin/ld) is GNU ld
configure:12235: result: no
configure:12290: checking whether the g++ linker (/Applications/Xcode.app/Contents/Developer/Toolchains/XcodeDefault.xctoolchain/usr/bin/ld) supports shared libraries
configure:13295: result: yes
configure:13331: g++ -c -g -O2  conftest.cpp >&5
configure:13334: $? = 0
configure:13854: checking for g++ option to produce PIC
configure:13861: result: -fno-common -DPIC
configure:13869: checking if g++ PIC flag -fno-common -DPIC works
configure:13887: g++ -c -g -O2  -fno-common -DPIC -DPIC conftest.cpp >&5
configure:13891: $? = 0
configure:13904: result: yes
configure:13927: checking if g++ static flag -static works
configure:13955: result: no
configure:13967: checking if g++ supports -c -o file.o
configure:13988: g++ -c -g -O2  -o out/conftest2.o conftest.cpp >&5
configure:13992: $? = 0
configure:14014: result: yes
configure:14019: checking if g++ supports -c -o file.o
configure:14066: result: yes
configure:14096: checking whether the g++ linker (/Applications/Xcode.app/Contents/Developer/Toolchains/XcodeDefault.xctoolchain/usr/bin/ld) supports shared libraries
configure:14132: result: yes
configure:14273: checking dynamic linker characteristics
configure:14940: result: darwin15.5.0 dyld
configure:14993: checking how to hardcode library paths into programs
configure:15018: result: immediate
configure:15289: checking that generated files are newer than configure
configure:15295: result: done
configure:15322: creating ./config.status

## ---------------------- ##
## Running config.status. ##
## ---------------------- ##

This file was extended by libcrossmx config.status 1.0, which was
generated by GNU Autoconf 2.69.  Invocation command line was

  CONFIG_FILES    = 
  CONFIG_HEADERS  = 
  CONFIG_LINKS    = 
  CONFIG_COMMANDS = 
  $ ./config.status 

on LostSideDead

config.status:1162: creating Makefile
config.status:1162: creating generic/Makefile
config.status:1162: creating osx/Makefile
config.status:1162: creating windows/Makefile
config.status:1162: creating test/Makefile
config.status:1162: creating maptest/Makefile
config.status:1162: creating filebrowser/Makefile
config.status:1162: creating afhd/Makefile
config.status:1162: creating gltest/Makefile
config.status:1162: creating helloworld/Makefile
config.status:1162: creating threadtest/Makefile
config.status:1162: creating config.h
config.status:1391: executing depfiles commands
config.status:1391: executing libtool commands

## ---------------- ##
## Cache variables. ##
## ---------------- ##

ac_cv_build=x86_64-apple-darwin15.5.0
ac_cv_c_compiler_gnu=yes
ac_cv_cxx_compiler_gnu=yes
ac_cv_env_CCC_set=
ac_cv_env_CCC_value=
ac_cv_env_CC_set=
ac_cv_env_CC_value=
ac_cv_env_CFLAGS_set=
ac_cv_env_CFLAGS_value=
ac_cv_env_CPPFLAGS_set=
ac_cv_env_CPPFLAGS_value=
ac_cv_env_CPP_set=
ac_cv_env_CPP_value=
ac_cv_env_CXXCPP_set=
ac_cv_env_CXXCPP_value=
ac_cv_env_CXXFLAGS_set=
ac_cv_env_CXXFLAGS_value=
ac_cv_env_CXX_set=
ac_cv_env_CXX_value=
ac_cv_env_LDFLAGS_set=
ac_cv_env_LDFLAGS_value=
ac_cv_env_LIBS_set=
ac_cv_env_LIBS_value=
ac_cv_env_build_alias_set=
ac_cv_env_build_alias_value=
ac_cv_env_host_alias_set=
ac_cv_env_host_alias_value=
ac_cv_env_platform_set=set
ac_cv_env_platform_value=generic
ac_cv_env_target_alias_set=
ac_cv_env_target_alias_value=
ac_cv_header_dlfcn_h=yes
ac_cv_header_inttypes_h=yes
ac_cv_header_memory_h=yes
ac_cv_header_stdc=yes
ac_cv_header_stdint_h=yes
ac_cv_header_stdlib_h=yes
ac_cv_header_string_h=yes
ac_cv_header_strings_h=yes
ac_cv_header_sys_stat_h=yes
ac_cv_header_sys_types_h=yes
ac_cv_header_unistd_h=yes
ac_cv_host=x86_64-apple-darwin15.5.0
ac_cv_objext=o
ac_cv_path_EGREP='/usr/bin/grep -E'
ac_cv_path_FGREP='/usr/bin/grep -F'
ac_cv_path_GREP=/usr/bin/grep
ac_cv_path_SED=/Volumes/LostSideDrive-2/Android/android-ndk-r10e/prebuilt/darwin-x86_64/bin/sed
ac_cv_path_install='/usr/bin/install -c'
ac_cv_prog_AWK=awk
ac_cv_prog_CPP='gcc -E'
ac_cv_prog_CXXCPP='g++ -E'
ac_cv_prog_ac_ct_AR=ar
ac_cv_prog_ac_ct_CC=gcc
ac_cv_prog_ac_ct_CXX=g++
ac_cv_prog_ac_ct_DSYMUTIL=dsymutil
ac_cv_prog_ac_ct_LIPO=lipo
ac_cv_prog_ac_ct_NMEDIT=nmedit
ac_cv_prog_ac_ct_OTOOL=otool
ac_cv_prog_ac_ct_RANLIB=ranlib
ac_cv_prog_ac_ct_STRIP=strip
ac_cv_prog_cc_c89=
ac_cv_prog_cc_g=yes
ac_cv_prog_cxx_g=yes
ac_cv_prog_make_make_set=yes
am_cv_CC_dependencies_compiler_type=gcc3
am_cv_CXX_dependencies_compiler_type=gcc3
am_cv_make_support_nested_variables=yes
am_cv_prog_cc_c_o=yes
lt_cv_apple_cc_single_mod=yes
lt_cv_ar_at_file=no
lt_cv_deplibs_check_method=pass_all
lt_cv_file_magic_cmd='$MAGIC_CMD'
lt_cv_file_magic_test_file=
lt_cv_ld_exported_symbols_list=yes
lt_cv_ld_force_load=yes
lt_cv_ld_reload_flag=-r
lt_cv_nm_interface='BSD nm'
lt_cv_objdir=.libs
lt_cv_path_LD=/Applications/Xcode.app/Contents/Developer/Toolchains/XcodeDefault.xctoolchain/usr/bin/ld
lt_cv_path_LDCXX=/Applications/Xcode.app/Contents/Developer/Toolchains/XcodeDefault.xctoolchain/usr/bin/ld
lt_cv_path_NM='/usr/bin/nm -B'
lt_cv_path_mainfest_tool=no
lt_cv_prog_compiler_c_o=yes
lt_cv_prog_compiler_c_o_CXX=yes
lt_cv_prog_compiler_pic='-fno-common -DPIC'
lt_cv_prog_compiler_pic_CXX='-fno-common -DPIC'
lt_cv_prog_compiler_pic_works=yes
lt_cv_prog_compiler_pic_works_CXX=yes
lt_cv_prog_compiler_rtti_exceptions=yes
lt_cv_prog_compiler_static_works=no
lt_cv_prog_compiler_static_works_CXX=no
lt_cv_prog_gnu_ld=no
lt_cv_prog_gnu_ldcxx=no
lt_cv_sharedlib_from_linklib_cmd='printf %s\n'
lt_cv_sys_global_symbol_pipe='sed -n -e '\''s/^.*[	 ]\([BCDEGRST][BCDEGRST]*\)[	 ][	 ]*_\([_A-Za-z][_A-Za-z0-9]*\)$/\1 _\2 \2/p'\'' | sed '\''/ __gnu_lto/d'\'''
lt_cv_sys_global_symbol_to_c_name_address='sed -n -e '\''s/^: \([^ ]*\)[ ]*$/  {\"\1\", (void *) 0},/p'\'' -e '\''s/^[BCDEGRST]* \([^ ]*\) \([^ ]*\)$/  {"\2", (void *) \&\2},/p'\'''
lt_cv_sys_global_symbol_to_c_name_address_lib_prefix='sed -n -e '\''s/^: \([^ ]*\)[ ]*$/  {\"\1\", (void *) 0},/p'\'' -e '\''s/^[BCDEGRST]* \([^ ]*\) \(lib[^ ]*\)$/  {"\2", (void *) \&\2},/p'\'' -e '\''s/^[BCDEGRST]* \([^ ]*\) \([^ ]*\)$/  {"lib\2", (void *) \&\2},/p'\'''
lt_cv_sys_global_symbol_to_cdecl='sed -n -e '\''s/^T .* \(.*\)$/extern int \1();/p'\'' -e '\''s/^[BCDEGRST]* .* \(.*\)$/extern char \1;/p'\'''
lt_cv_sys_max_cmd_len=196608
lt_cv_to_host_file_cmd=func_convert_file_noop
lt_cv_to_tool_file_cmd=func_convert_file_noop

## ----------------- ##
## Output variables. ##
## ----------------- ##

ACLOCAL='aclocal-1.14'
AMDEPBACKSLASH='\'
AMDEP_FALSE='#'
AMDEP_TRUE=''
AMTAR='$${TAR-tar}'
AM_BACKSLASH='\'
AM_DEFAULT_V='$(AM_DEFAULT_VERBOSITY)'
AM_DEFAULT_VERBOSITY='1'
AM_V='$(V)'
APP_PLATFORM_LDFLAGS='-O2 -g  -L../generic -lcmx  -L/opt/local/lib /opt/local/lib/libSDLmain.a -Wl,-framework,AppKit /opt/local/lib/libSDL.a -L/opt/local/lib -lX11 -lXext -lXrandr -lXrender -Wl,-framework,OpenGL -Wl,-framework,Cocoa -Wl,-framework,ApplicationServices -Wl,-framework,Carbon -Wl,-framework,AudioToolbox -Wl,-framework,AudioUnit -Wl,-framework,IOKit -L/opt/local/lib -ljpeg -lz -framework OpenGL -lpng15'
AR='ar'
AUTOCONF='autoconf'
AUTOHEADER='autoheader'
AUTOMAKE='automake-1.14'
AWK='awk'
CC='gcc'
CCDEPMODE='depmode=gcc3'
CFLAGS='-g -O2'
CPP='gcc -E'
CPPFLAGS=''
CXX='g++'
CXXCPP='g++ -E'
CXXDEPMODE='depmode=gcc3'
CXXFLAGS='-g -O2'
CYGPATH_W='echo'
DEFS='-DHAVE_CONFIG_H'
DEPDIR='.deps'
DLLTOOL='false'
DSYMUTIL='dsymutil'
DUMPBIN=''
ECHO_C='\c'
ECHO_N=''
ECHO_T=''
EGREP='/usr/bin/grep -E'
EXEEXT=''
FGREP='/usr/bin/grep -F'
FINAL_CFLAGS=''
FINAL_LDFLAGS=''
GREP='/usr/bin/grep'
HEADER_PATH='/Users/jared/Source/cmx/code/source/cmx/include'
INSTALL_DATA='${INSTALL} -m 644'
INSTALL_PROGRAM='${INSTALL}'
INSTALL_SCRIPT='${INSTALL}'
INSTALL_STRIP_PROGRAM='$(install_sh) -c -s'
LD='/Applications/Xcode.app/Contents/Developer/Toolchains/XcodeDefault.xctoolchain/usr/bin/ld'
LDFLAGS=''
LIBOBJS=''
LIBS=''
LIBTOOL='$(SHELL) $(top_builddir)/libtool'
LIPO='lipo'
LN_S='ln -s'
LTLIBOBJS=''
MAKEINFO='makeinfo'
MANIFEST_TOOL=':'
MKDIR_P='./install-sh -c -d'
NM='/usr/bin/nm -B'
NMEDIT='nmedit'
OBJDUMP='false'
OBJEXT='o'
OTOOL64=':'
OTOOL='otool'
PACKAGE='libcrossmx'
PACKAGE_BUGREPORT='jared@lostsidedead.biz'
PACKAGE_NAME='libcrossmx'
PACKAGE_STRING='libcrossmx 1.0'
PACKAGE_TARNAME='libcrossmx'
PACKAGE_URL=''
PACKAGE_VERSION='1.0'
PATH_SEPARATOR=':'
PLATFORM='generic'
PLATFORM_CFLAGS='-O2 -g   -I/opt/local/include/libpng15 -I/opt/local/include/SDL -D_GNU_SOURCE=1 -D_THREAD_SAFE -I/opt/local/include '
PLATFORM_LDFLAGS='-O2 -g  -L/opt/local/lib -lSDLmain -Wl,-framework,AppKit -lSDL -Wl,-framework,Cocoa -L/opt/local/lib  -ljpeg -lz -framework OpenGL -lpng15  '
RANLIB='ranlib'
SED='/Volumes/LostSideDrive-2/Android/android-ndk-r10e/prebuilt/darwin-x86_64/bin/sed'
SET_MAKE=''
SHELL='/bin/sh'
STRIP='strip'
VERSION='1.0'
_PREFIX='/opt/local'
ac_ct_AR='ar'
ac_ct_CC='gcc'
ac_ct_CXX='g++'
ac_ct_DUMPBIN=''
am__EXEEXT_FALSE=''
am__EXEEXT_TRUE='#'
am__fastdepCC_FALSE='#'
am__fastdepCC_TRUE=''
am__fastdepCXX_FALSE='#'
am__fastdepCXX_TRUE=''
am__include='include'
am__isrc=''
am__leading_dot='.'
am__nodep='_no'
am__quote=''
am__tar='$${TAR-tar} chof - "$$tardir"'
am__untar='$${TAR-tar} xf -'
bindir='${exec_prefix}/bin'
build='x86_64-apple-darwin15.5.0'
build_alias=''
build_cpu='x86_64'
build_os='darwin15.5.0'
build_vendor='apple'
datadir='${datarootdir}'
datarootdir='${prefix}/share'
docdir='${datarootdir}/doc/${PACKAGE_TARNAME}'
dvidir='${docdir}'
exec_prefix='${prefix}'
host='x86_64-apple-darwin15.5.0'
host_alias=''
host_cpu='x86_64'
host_os='darwin15.5.0'
host_vendor='apple'
htmldir='${docdir}'
includedir='${prefix}/include'
infodir='${datarootdir}/info'
install_sh='${SHELL} /Users/jared/Source/cmx/code/source/install-sh'
libdir='${exec_prefix}/lib'
libexecdir='${exec_prefix}/libexec'
localedir='${datarootdir}/locale'
localstatedir='${prefix}/var'
mandir='${datarootdir}/man'
mkdir_p='$(MKDIR_P)'
oldincludedir='/usr/include'
pdfdir='${docdir}'
platform='generic'
prefix='/opt/local'
program_transform_name='s,x,x,'
psdir='${docdir}'
sbindir='${exec_prefix}/sbin'
sharedstatedir='${prefix}/com'
sysconfdir='${prefix}/etc'
target_alias=''

## ----------- ##
## confdefs.h. ##
## ----------- ##

/* confdefs.h */
#define PACKAGE_NAME "libcrossmx"
#define PACKAGE_TARNAME "libcrossmx"
#define PACKAGE_VERSION "1.0"
#define PACKAGE_STRING "libcrossmx 1.0"
#define PACKAGE_BUGREPORT "jared@lostsidedead.biz"
#define PACKAGE_URL ""
#define PACKAGE "libcrossmx"
#define VERSION "1.0"
#define STDC_HEADERS 1
#define HAVE_SYS_TYPES_H 1
#define HAVE_SYS_STAT_H 1
#define HAVE_STDLIB_H 1
#define HAVE_STRING_H 1
#define HAVE_MEMORY_H 1
#define HAVE_STRINGS_H 1
#define HAVE_INTTYPES_H 1
#define HAVE_STDINT_H 1
#define HAVE_UNISTD_H 1
#define HAVE_DLFCN_H 1
#define LT_OBJDIR ".libs/"
#define PLATFORM_GENERIC 1

configure: exit 0
